<?xml version="1.0" encoding="UTF-8"?>
<!-- Generated by org.testng.reporters.JUnitReportReporter -->
<testsuite hostname="Ravis-Air" failures="0" tests="1" name="testCases.TC_001_AccountRegistrationTest" time="5.295" errors="0" timestamp="2023-07-05T12:15:32 IST" skipped="0">
  <testcase classname="testCases.TC_001_AccountRegistrationTest" name="test_account_Resgistration" time="5.295"/>
  <system-out/>
</testsuite> <!-- testCases.TC_001_AccountRegistrationTest -->
