<?xml version="1.0" encoding="UTF-8"?>
<!-- Generated by org.testng.reporters.JUnitReportReporter -->
<testsuite hostname="Ravis-MacBook-Air.local" failures="0" tests="1" name="testCases.TC_002_LoginTest" time="3.113" errors="0" timestamp="2023-07-15T13:40:16 IST" skipped="0">
  <testcase classname="testCases.TC_002_LoginTest" name="login_test" time="3.113"/>
  <system-out/>
</testsuite> <!-- testCases.TC_002_LoginTest -->
