<?xml version="1.0" encoding="UTF-8"?>
<!-- Generated by org.testng.reporters.JUnitReportReporter -->
<testsuite hostname="Ravis-MacBook-Air.local" failures="0" tests="1" name="testCases.TC_001_AccountRegistrationTest" time="7.933" errors="0" timestamp="2023-07-21T15:13:05 IST" skipped="0">
  <testcase classname="testCases.TC_001_AccountRegistrationTest" name="test_account_Resgistration" time="7.933"/>
  <system-out/>
</testsuite> <!-- testCases.TC_001_AccountRegistrationTest -->
