<?xml version="1.0" encoding="UTF-8"?>
<!-- Generated by org.testng.reporters.JUnitReportReporter -->
<testsuite hostname="Ravis-MacBook-Air.local" failures="0" tests="1" name="testCases.TC_001_AccountRegistrationTest" time="1.399" errors="0" timestamp="2023-07-14T19:01:00 IST" skipped="0">
  <testcase classname="testCases.TC_001_AccountRegistrationTest" name="test_account_Resgistration" time="1.399"/>
</testsuite> <!-- testCases.TC_001_AccountRegistrationTest -->
