<?xml version="1.0" encoding="UTF-8"?>
<!-- Generated by org.testng.reporters.JUnitReportReporter -->
<testsuite hostname="Ravis-MacBook-Air.local" failures="0" tests="1" name="testCases.TC_004_SearchProductTest" time="1.835" errors="0" timestamp="2023-07-21T15:14:10 IST" skipped="0">
  <testcase classname="testCases.TC_004_SearchProductTest" name="test_pruductSearch" time="1.835"/>
</testsuite> <!-- testCases.TC_004_SearchProductTest -->
